

02:26:36.930 [main] ERROR ru.sfedu.Kursovaya.utils.DataProviders.CSVDataProvider - state should be: open
02:27:24.764 [main] ERROR ru.sfedu.Kursovaya.utils.DataProviders.CSVDataProvider - state should be: open
02:27:24.767 [main] INFO  ru.sfedu.Kursovaya.utils.DataProviders.CSVDataProvider - null
02:28:59.260 [main] ERROR ru.sfedu.Kursovaya.utils.DataProviders.CSVDataProvider - state should be: open
02:31:10.690 [main] INFO  ru.sfedu.Kursovaya.utils.DataProviders.CSVDataProvider - [Document{{_id=61997b075c59731dde774c25, id=1, className=dfdssfds, createdDate=dfgdsfgdf, actor=dadad, methodName=dgdfgdf, object=Document{{Unit=Document{{unitType=MELEE, unitAttackPoints=2, unitHealthPoints=1, goldRequired=1, metalRequired=1, foodRequired=1, unitId=1}}}}, status=fgfdgd}}]
15:13:01.890 [main] INFO  ru.sfedu.Kursovaya.utils.DataProviders.CSVDataProvider - Unit{id=2, unitType='MARKSMAN', unitAttackPoints=2, unitHealthPoints=1, goldRequired=1, metalRequired=1, foodRequired=1}
19:58:37.489 [main] INFO  ru.sfedu.Kursovaya.utils.DataProviders.CSVDataProvider - ERROR:Unit does not exist
19:58:37.493 [main] INFO  ru.sfedu.Kursovaya.utils.DataProviders.CSVDataProvider - ERROR:Unit does not exist
19:59:11.465 [main] INFO  ru.sfedu.Kursovaya.utils.DataProviders.CSVDataProvider - Unit does not exist
19:59:11.500 [main] INFO  ru.sfedu.Kursovaya.utils.DataProviders.CSVDataProvider - ERROR:Unit does not exist
20:59:21.521 [main] INFO  ru.sfedu.Kursovaya.utils.DataProviders.CSVDataProvider - Unit{id=2, unitType='MARKSMAN', unitAttackPoints=2, unitHealthPoints=1, goldRequired=1, metalRequired=1, foodRequired=1}
23:44:46.500 [main] INFO  ru.sfedu.Kursovaya.utils.DataProviders.CSVDataProvider - [Army{units=[Unit{id=1, unitType='MELEE', unitAttackPoints=2, unitHealthPoints=1, goldRequired=1, metalRequired=1, foodRequired=1}, Unit{id=1, unitType='MELEE', unitAttackPoints=2, unitHealthPoints=1, goldRequired=1, metalRequired=1, foodRequired=1}], armyInfo=ArmyInfo{armyHealthPoints=10, armyAttackPoints=0}}]
00:13:02.005 [main] INFO  ru.sfedu.Kursovaya.utils.DataProviders.CSVDataProvider - Unit does not exist
00:13:02.054 [main] INFO  ru.sfedu.Kursovaya.utils.DataProviders.CSVDataProvider - ERROR:Unit does not exist
00:22:12.268 [main] INFO  ru.sfedu.Kursovaya.utils.DataProviders.CSVDataProvider - Unit{id=2, unitType='MARKSMAN', unitAttackPoints=2, unitHealthPoints=1, goldRequired=1, metalRequired=1, foodRequired=1}
00:24:23.865 [main] INFO  ru.sfedu.Kursovaya.utils.DataProviders.CSVDataProvider - Unit{id=1, unitType='MELEE', unitAttackPoints=2, unitHealthPoints=1, goldRequired=1, metalRequired=1, foodRequired=1}
00:46:38.470 [main] INFO  ru.sfedu.Kursovaya.utils.DataProviders.AbstractDataProvider - createUnit
00:48:24.984 [main] INFO  ru.sfedu.Kursovaya.utils.DataProviders.AbstractDataProvider - createUnit
00:48:24.987 [main] INFO  ru.sfedu.Kursovaya.utils.DataProviders.AbstractDataProvider - class ru.sfedu.Kursovaya.utils.DataProviders.AbstractDataProvider$2
00:48:24.988 [main] INFO  ru.sfedu.Kursovaya.utils.DataProviders.AbstractDataProvider - public void ru.sfedu.Kursovaya.utils.DataProviders.AbstractDataProvider.createUnit() throws java.lang.Exception
08:10:00.050 [main] INFO  ru.sfedu.Kursovaya.utils.DataProviders.CSVDataProvider - Unit{id=1, unitType='MELEE', unitAttackPoints=2, unitHealthPoints=1, goldRequired=1, metalRequired=1, foodRequired=1}
09:13:59.416 [main] INFO  ru.sfedu.Kursovaya.utils.DataProviders.CSVDataProvider - Unit{id=1, unitType='MELEE', unitAttackPoints=2, unitHealthPoints=1, goldRequired=1, metalRequired=1, foodRequired=1}
09:14:59.494 [main] INFO  ru.sfedu.Kursovaya.utils.DataProviders.CSVDataProvider - Unit{id=1, unitType='MELEE', unitAttackPoints=2, unitHealthPoints=1, goldRequired=1, metalRequired=1, foodRequired=1}
09:19:01.637 [main] INFO  ru.sfedu.Kursovaya.utils.DataProviders.CSVDataProvider - Unit{id=1, unitType='MELEE', unitAttackPoints=2, unitHealthPoints=1, goldRequired=1, metalRequired=1, foodRequired=1}
09:20:15.322 [main] INFO  ru.sfedu.Kursovaya.utils.DataProviders.CSVDataProvider - Unit{id=1, unitType='MELEE', unitAttackPoints=2, unitHealthPoints=1, goldRequired=1, metalRequired=1, foodRequired=1}
09:32:31.281 [main] INFO  ru.sfedu.Kursovaya.utils.DataProviders.CSVDataProvider - Unit{id=1, unitType='MELEE', unitAttackPoints=2, unitHealthPoints=1, goldRequired=1, metalRequired=1, foodRequired=1}
09:32:31.503 [main] INFO  ru.sfedu.Kursovaya.utils.DataProviders.JDBCDataProvider - org.h2.jdbc.JdbcSQLIntegrityConstraintViolationException: Нарушение уникального индекса или первичного ключа: "PRIMARY KEY ON PUBLIC.UNITS(ID) [1, 'MELEE', 2, 1, 1, 1, 1]"
Unique index or primary key violation: "PRIMARY KEY ON PUBLIC.UNITS(ID) [1, 'MELEE', 2, 1, 1, 1, 1]"; SQL statement:
INSERT INTO units  (id, unitType, unitAttackPoints, unitHealthPoints, goldRequired, metalRequired, foodRequired) VALUES  (?, ?, ?, ?, ?, ?, ?); [23505-199]
10:31:15.032 [main] INFO  ru.sfedu.Kursovaya.utils.DataProviders.CSVDataProvider - [Army{units=[Unit{id=1, unitType='MELEE', unitAttackPoints=2, unitHealthPoints=1, goldRequired=1, metalRequired=1, foodRequired=1}, Unit{id=1, unitType='MELEE', unitAttackPoints=2, unitHealthPoints=1, goldRequired=1, metalRequired=1, foodRequired=1}], armyInfo=ArmyInfo{armyHealthPoints=10, armyAttackPoints=0}}]
13:07:31.176 [main] INFO  ru.sfedu.Kursovaya.utils.DataProviders.CSVDataProvider - [Resources{id=1, food=10, metal=10, gold=10, army=Army{units=[Unit{id=1, unitType='MELEE', unitAttackPoints=2, unitHealthPoints=1, goldRequired=1, metalRequired=1, foodRequired=1}, Unit{id=1, unitType='MELEE', unitAttackPoints=2, unitHealthPoints=1, goldRequired=1, metalRequired=1, foodRequired=1}], armyInfo=ArmyInfo{armyHealthPoints=10, armyAttackPoints=0}}, buildingList=[Unit{id=1, buildingType='FARM', foodBuff=10, metalBuff=0, goldBuff=0, goldRequired=0, metalRequired=5, foodRequired=5}, Unit{id=1, buildingType='FARM', foodBuff=10, metalBuff=0, goldBuff=0, goldRequired=0, metalRequired=5, foodRequired=5}], operation=1}]
13:50:37.809 [main] INFO  ru.sfedu.Kursovaya.utils.DataProviders.CSVDataProvider - [Game{id=1, gameName='A', enemyPlanetList=[EnemyPlanet{enemyHealthPoints=50, enemyAttackPoints=50}, EnemyPlanet{enemyHealthPoints=50, enemyAttackPoints=50}], playerPlanetList=[PlayerPlanet{buildingLimit=10}, PlayerPlanet{buildingLimit=10}], resources=Resources{id=1, food=10, metal=10, gold=10, army=Army{units=[Unit{id=1, unitType='MELEE', unitAttackPoints=2, unitHealthPoints=1, goldRequired=1, metalRequired=1, foodRequired=1}, Unit{id=1, unitType='MELEE', unitAttackPoints=2, unitHealthPoints=1, goldRequired=1, metalRequired=1, foodRequired=1}], armyInfo=ArmyInfo{armyHealthPoints=10, armyAttackPoints=0}}, buildingList=[Unit{id=1, buildingType='FARM', foodBuff=10, metalBuff=0, goldBuff=0, goldRequired=0, metalRequired=5, foodRequired=5}, Unit{id=1, buildingType='FARM', foodBuff=10, metalBuff=0, goldBuff=0, goldRequired=0, metalRequired=5, foodRequired=5}], operation=1}}]
14:13:04.598 [main] INFO  ru.sfedu.Kursovaya.utils.DataProviders.AbstractDataProvider - createUnit
14:13:04.601 [main] INFO  ru.sfedu.Kursovaya.utils.DataProviders.AbstractDataProvider - class ru.sfedu.Kursovaya.utils.DataProviders.AbstractDataProvider$2
14:13:04.602 [main] INFO  ru.sfedu.Kursovaya.utils.DataProviders.AbstractDataProvider - public void ru.sfedu.Kursovaya.utils.DataProviders.AbstractDataProvider.createUnit() throws java.lang.Exception
14:19:53.965 [main] INFO  ru.sfedu.Kursovaya.utils.DataProviders.AbstractDataProvider - createUnit
14:19:53.968 [main] INFO  ru.sfedu.Kursovaya.utils.DataProviders.AbstractDataProvider - ru.sfedu.Kursovaya.utils.DataProviders.AbstractDataProvider$2
14:19:53.969 [main] INFO  ru.sfedu.Kursovaya.utils.DataProviders.AbstractDataProvider - public void ru.sfedu.Kursovaya.utils.DataProviders.AbstractDataProvider.createUnit() throws java.lang.Exception
14:21:48.253 [main] INFO  ru.sfedu.Kursovaya.utils.DataProviders.AbstractDataProvider - createUnit
14:21:48.257 [main] INFO  ru.sfedu.Kursovaya.utils.DataProviders.AbstractDataProvider - class ru.sfedu.Kursovaya.utils.DataProviders.AbstractDataProvider$2
14:21:48.257 [main] INFO  ru.sfedu.Kursovaya.utils.DataProviders.AbstractDataProvider - public void ru.sfedu.Kursovaya.utils.DataProviders.AbstractDataProvider.createUnit() throws java.lang.Exception
14:32:31.721 [main] INFO  ru.sfedu.Kursovaya.utils.DataProviders.AbstractDataProvider - createUnit
14:32:31.724 [main] INFO  ru.sfedu.Kursovaya.utils.DataProviders.AbstractDataProvider - class ru.sfedu.Kursovaya.utils.DataProviders.AbstractDataProvider$2
14:32:31.724 [main] INFO  ru.sfedu.Kursovaya.utils.DataProviders.AbstractDataProvider - public void ru.sfedu.Kursovaya.utils.DataProviders.AbstractDataProvider.createUnit() throws java.lang.Exception
14:32:31.733 [main] INFO  ru.sfedu.Kursovaya.utils.DataProviders.AbstractDataProvider - HistoryContent{id=0, className='null', createdDate='2021-11-22T14:32:31.666+03:00', actor='null', methodName='createUnit', object=null, status='null'}
15:05:22.684 [main] INFO  ru.sfedu.Kursovaya.utils.DataProviders.AbstractDataProvider - HistoryContent{id=0, className='ru.sfedu.Kursovaya.utils.DataProviders.AbstractDataProvider', createdDate='2021-11-22T15:05:22.623+03:00', actor='SYSTEM', methodName='createUnit', object={Unit=Unit{id=1, unitType='MELEE', unitAttackPoints=2, unitHealthPoints=1, goldRequired=1, metalRequired=1, foodRequired=1}}, status='SUCCESS'}
15:14:08.440 [main] INFO  ru.sfedu.Kursovaya.utils.DataProviders.AbstractDataProvider - HistoryContent{id=0, className='ru.sfedu.Kursovaya.utils.DataProviders.AbstractDataProvider', createdDate='2021-11-22T15:14:08.381+03:00', actor='SYSTEM', methodName='saveToLog', object={java.lang.Object=Unit{id=1, unitType='MELEE', unitAttackPoints=2, unitHealthPoints=1, goldRequired=1, metalRequired=1, foodRequired=1}}, status='SUCCESS'}
15:16:59.348 [main] INFO  ru.sfedu.Kursovaya.utils.DataProviders.AbstractDataProvider - {java.lang.Object=Unit{id=1, unitType='MELEE', unitAttackPoints=2, unitHealthPoints=1, goldRequired=1, metalRequired=1, foodRequired=1}}
15:16:59.357 [main] INFO  ru.sfedu.Kursovaya.utils.DataProviders.AbstractDataProvider - HistoryContent{id=0, className='ru.sfedu.Kursovaya.utils.DataProviders.AbstractDataProvider', createdDate='2021-11-22T15:16:59.300+03:00', actor='SYSTEM', methodName='saveToLog', object={java.lang.Object=Unit{id=1, unitType='MELEE', unitAttackPoints=2, unitHealthPoints=1, goldRequired=1, metalRequired=1, foodRequired=1}}, status='SUCCESS'}
15:18:03.207 [main] INFO  ru.sfedu.Kursovaya.utils.DataProviders.AbstractDataProvider - {ru.sfedu.Kursovaya.Beans.Unit=Unit{id=1, unitType='MELEE', unitAttackPoints=2, unitHealthPoints=1, goldRequired=1, metalRequired=1, foodRequired=1}}
15:18:03.216 [main] INFO  ru.sfedu.Kursovaya.utils.DataProviders.AbstractDataProvider - HistoryContent{id=0, className='ru.sfedu.Kursovaya.utils.DataProviders.AbstractDataProvider', createdDate='2021-11-22T15:18:03.160+03:00', actor='SYSTEM', methodName='saveToLog', object={ru.sfedu.Kursovaya.Beans.Unit=Unit{id=1, unitType='MELEE', unitAttackPoints=2, unitHealthPoints=1, goldRequired=1, metalRequired=1, foodRequired=1}}, status='SUCCESS'}
20:05:12.517 [main] INFO  ru.sfedu.Kursovaya.utils.DataProviders.AbstractDataProvider - {ru.sfedu.Kursovaya.Beans.Unit=Unit{id=1, unitType='MELEE', unitAttackPoints=2, unitHealthPoints=1, goldRequired=1, metalRequired=1, foodRequired=1}}
20:05:12.527 [main] INFO  ru.sfedu.Kursovaya.utils.DataProviders.AbstractDataProvider - HistoryContent{id=0, className='ru.sfedu.Kursovaya.utils.DataProviders.AbstractDataProvider', createdDate='2021-11-22T20:05:12.464+03:00', actor='SYSTEM', methodName='initHistoryContent', object={ru.sfedu.Kursovaya.Beans.Unit=Unit{id=1, unitType='MELEE', unitAttackPoints=2, unitHealthPoints=1, goldRequired=1, metalRequired=1, foodRequired=1}}, status='SUCCESS'}
20:17:51.861 [main] INFO  ru.sfedu.Kursovaya.utils.DataProviders.AbstractDataProvider - {ru.sfedu.Kursovaya.Beans.Unit=Unit{id=1, unitType='MELEE', unitAttackPoints=2, unitHealthPoints=1, goldRequired=1, metalRequired=1, foodRequired=1}}
20:17:51.873 [main] INFO  ru.sfedu.Kursovaya.utils.DataProviders.AbstractDataProvider - HistoryContent{id=0, className='ru.sfedu.Kursovaya.utils.DataProviders.AbstractDataProvider', createdDate='2021-11-22T20:17:51.815+03:00', actor='SYSTEM', methodName='createUnit', object={ru.sfedu.Kursovaya.Beans.Unit=Unit{id=1, unitType='MELEE', unitAttackPoints=2, unitHealthPoints=1, goldRequired=1, metalRequired=1, foodRequired=1}}, status='SUCCESS'}
20:21:00.086 [main] INFO  ru.sfedu.Kursovaya.utils.DataProviders.AbstractDataProvider - {ru.sfedu.Kursovaya.Beans.Unit=Unit{id=1, unitType='MELEE', unitAttackPoints=2, unitHealthPoints=1, goldRequired=1, metalRequired=1, foodRequired=1}}
20:21:00.093 [main] INFO  ru.sfedu.Kursovaya.utils.DataProviders.AbstractDataProvider - HistoryContent{id=1087540945471069783, className='ru.sfedu.Kursovaya.utils.DataProviders.AbstractDataProvider', createdDate='2021-11-22T20:21:00.043+03:00', actor='SYSTEM', methodName='createUnit', object={ru.sfedu.Kursovaya.Beans.Unit=Unit{id=1, unitType='MELEE', unitAttackPoints=2, unitHealthPoints=1, goldRequired=1, metalRequired=1, foodRequired=1}}, status='SUCCESS'}
20:22:14.893 [main] INFO  ru.sfedu.Kursovaya.utils.DataProviders.AbstractDataProvider - {ru.sfedu.Kursovaya.Beans.Unit=Unit{id=1, unitType='MELEE', unitAttackPoints=2, unitHealthPoints=1, goldRequired=1, metalRequired=1, foodRequired=1}}
20:22:14.901 [main] INFO  ru.sfedu.Kursovaya.utils.DataProviders.AbstractDataProvider - HistoryContent{id=5060093622178905476, className='ru.sfedu.Kursovaya.utils.DataProviders.AbstractDataProvider', createdDate='2021-11-22T20:22:14.848+03:00', actor='SYSTEM', methodName='createUnit', object={ru.sfedu.Kursovaya.Beans.Unit=Unit{id=1, unitType='MELEE', unitAttackPoints=2, unitHealthPoints=1, goldRequired=1, metalRequired=1, foodRequired=1}}, status='SUCCESS'}
20:23:57.273 [main] INFO  ru.sfedu.Kursovaya.utils.DataProviders.AbstractDataProvider - {ru.sfedu.Kursovaya.Beans.Unit=Unit{id=1, unitType='MELEE', unitAttackPoints=2, unitHealthPoints=1, goldRequired=1, metalRequired=1, foodRequired=1}}
20:23:57.282 [main] INFO  ru.sfedu.Kursovaya.utils.DataProviders.AbstractDataProvider - HistoryContent{id=-83210215960638293, className='ru.sfedu.Kursovaya.utils.DataProviders.AbstractDataProvider', createdDate='2021-11-22T20:23:57.226+03:00', actor='SYSTEM', methodName='createUnitCSV', object={ru.sfedu.Kursovaya.Beans.Unit=Unit{id=1, unitType='MELEE', unitAttackPoints=2, unitHealthPoints=1, goldRequired=1, metalRequired=1, foodRequired=1}}, status='SUCCESS'}
21:51:40.901 [main] INFO  ru.sfedu.Kursovaya.utils.DataProviders.CSVDataProvider - 1
21:56:00.070 [main] INFO  ru.sfedu.Kursovaya.utils.DataProviders.CSVDataProvider - 1
22:11:53.299 [main] INFO  ru.sfedu.Kursovaya.utils.DataProviders.CSVDataProvider - 1
22:11:53.302 [main] INFO  ru.sfedu.Kursovaya.utils.DataProviders.CSVDataProvider - Такого выбора нет
22:12:45.025 [main] INFO  ru.sfedu.Kursovaya.utils.DataProviders.CSVDataProvider - 1
22:12:45.028 [main] INFO  ru.sfedu.Kursovaya.utils.DataProviders.CSVDataProvider - Такого выбора нет
22:13:59.555 [main] INFO  ru.sfedu.Kursovaya.utils.DataProviders.CSVDataProvider - 1
00:35:50.555 [main] INFO  ru.sfedu.Kursovaya.utils.DataProviders.CSVDataProvider - [Game{id=1, gameName='A', enemyPlanetList=[EnemyPlanet{enemyHealthPoints=50, enemyAttackPoints=50}, EnemyPlanet{enemyHealthPoints=50, enemyAttackPoints=50}], playerPlanetList=[PlayerPlanet{buildingLimit=10}, PlayerPlanet{buildingLimit=10}], resources=Resources{id=1, food=10, metal=10, gold=10, army=Army{units=[Unit{id=1, unitType='MELEE', unitAttackPoints=2, unitHealthPoints=1, goldRequired=1, metalRequired=1, foodRequired=1}, Unit{id=1, unitType='MELEE', unitAttackPoints=2, unitHealthPoints=1, goldRequired=1, metalRequired=1, foodRequired=1}], armyInfo=ArmyInfo{armyHealthPoints=10, armyAttackPoints=0}}, buildingList=[Unit{id=1, buildingType='FARM', foodBuff=10, metalBuff=0, goldBuff=0, goldRequired=0, metalRequired=5, foodRequired=5}, Unit{id=1, buildingType='FARM', foodBuff=10, metalBuff=0, goldBuff=0, goldRequired=0, metalRequired=5, foodRequired=5}], operation=1}}]
00:36:18.083 [main] INFO  ru.sfedu.Kursovaya.utils.DataProviders.CSVDataProvider - [Resources{id=1, food=10, metal=10, gold=10, army=Army{units=[Unit{id=1, unitType='MELEE', unitAttackPoints=2, unitHealthPoints=1, goldRequired=1, metalRequired=1, foodRequired=1}, Unit{id=1, unitType='MELEE', unitAttackPoints=2, unitHealthPoints=1, goldRequired=1, metalRequired=1, foodRequired=1}], armyInfo=ArmyInfo{armyHealthPoints=10, armyAttackPoints=0}}, buildingList=[Unit{id=1, buildingType='FARM', foodBuff=10, metalBuff=0, goldBuff=0, goldRequired=0, metalRequired=5, foodRequired=5}, Unit{id=1, buildingType='FARM', foodBuff=10, metalBuff=0, goldBuff=0, goldRequired=0, metalRequired=5, foodRequired=5}], operation=1}]
00:36:47.733 [main] INFO  ru.sfedu.Kursovaya.utils.DataProviders.CSVDataProvider - [Army{units=[Unit{id=1, unitType='MELEE', unitAttackPoints=2, unitHealthPoints=1, goldRequired=1, metalRequired=1, foodRequired=1}, Unit{id=1, unitType='MELEE', unitAttackPoints=2, unitHealthPoints=1, goldRequired=1, metalRequired=1, foodRequired=1}], armyInfo=ArmyInfo{armyHealthPoints=10, armyAttackPoints=0}}]
00:37:11.925 [main] INFO  ru.sfedu.Kursovaya.utils.DataProviders.CSVDataProvider - []
00:37:55.820 [main] INFO  ru.sfedu.Kursovaya.utils.DataProviders.CSVDataProvider - [Game{id=1, gameName='A', enemyPlanetList=[EnemyPlanet{enemyHealthPoints=50, enemyAttackPoints=50}, EnemyPlanet{enemyHealthPoints=50, enemyAttackPoints=50}], playerPlanetList=[PlayerPlanet{buildingLimit=10}, PlayerPlanet{buildingLimit=10}], resources=Resources{id=1, food=10, metal=10, gold=10, army=Army{units=[Unit{id=1, unitType='MELEE', unitAttackPoints=2, unitHealthPoints=1, goldRequired=1, metalRequired=1, foodRequired=1}, Unit{id=1, unitType='MELEE', unitAttackPoints=2, unitHealthPoints=1, goldRequired=1, metalRequired=1, foodRequired=1}], armyInfo=ArmyInfo{armyHealthPoints=10, armyAttackPoints=0}}, buildingList=[Unit{id=1, buildingType='FARM', foodBuff=10, metalBuff=0, goldBuff=0, goldRequired=0, metalRequired=5, foodRequired=5}, Unit{id=1, buildingType='FARM', foodBuff=10, metalBuff=0, goldBuff=0, goldRequired=0, metalRequired=5, foodRequired=5}], operation=1}}]
00:38:23.853 [main] INFO  ru.sfedu.Kursovaya.utils.DataProviders.CSVDataProvider - [Game{id=1, gameName='A', enemyPlanetList=[EnemyPlanet{enemyHealthPoints=50, enemyAttackPoints=50}, EnemyPlanet{enemyHealthPoints=50, enemyAttackPoints=50}], playerPlanetList=[PlayerPlanet{buildingLimit=10}, PlayerPlanet{buildingLimit=10}], resources=Resources{id=1, food=10, metal=10, gold=10, army=Army{units=[Unit{id=1, unitType='MELEE', unitAttackPoints=2, unitHealthPoints=1, goldRequired=1, metalRequired=1, foodRequired=1}, Unit{id=1, unitType='MELEE', unitAttackPoints=2, unitHealthPoints=1, goldRequired=1, metalRequired=1, foodRequired=1}], armyInfo=ArmyInfo{armyHealthPoints=10, armyAttackPoints=0}}, buildingList=[Unit{id=1, buildingType='FARM', foodBuff=10, metalBuff=0, goldBuff=0, goldRequired=0, metalRequired=5, foodRequired=5}, Unit{id=1, buildingType='FARM', foodBuff=10, metalBuff=0, goldBuff=0, goldRequired=0, metalRequired=5, foodRequired=5}], operation=1}}]
17:08:39.374 [main] INFO  ru.sfedu.Kursovaya.utils.DataProviders.CSVDataProvider - {ru.sfedu.Kursovaya.Beans.Unit=Unit{id=1, unitType='MELEE', unitAttackPoints=2, unitHealthPoints=1, goldRequired=1, metalRequired=1, foodRequired=1}}
17:08:39.383 [main] INFO  ru.sfedu.Kursovaya.utils.DataProviders.CSVDataProvider - HistoryContent{id=null, className='null', createdDate='null', actor='null', methodName='null', object=null, status='null'}
17:11:03.048 [main] INFO  ru.sfedu.Kursovaya.utils.DataProviders.CSVDataProvider - {ru.sfedu.Kursovaya.Beans.Unit=Unit{id=1, unitType='MELEE', unitAttackPoints=2, unitHealthPoints=1, goldRequired=1, metalRequired=1, foodRequired=1}}
17:11:03.056 [main] INFO  ru.sfedu.Kursovaya.utils.DataProviders.CSVDataProvider - HistoryContent{id=-9030655705240429358, className='ru.sfedu.Kursovaya.utils.DataProviders.CSVDataProvider', createdDate='2021-11-24T17:11:03.002+03:00', actor='SYSTEM', methodName='getMethodName', object={ru.sfedu.Kursovaya.Beans.Unit=Unit{id=1, unitType='MELEE', unitAttackPoints=2, unitHealthPoints=1, goldRequired=1, metalRequired=1, foodRequired=1}}, status='SUCCESS'}
17:13:17.177 [main] INFO  ru.sfedu.Kursovaya.utils.DataProviders.CSVDataProvider - {ru.sfedu.Kursovaya.Beans.Unit=Unit{id=1, unitType='MELEE', unitAttackPoints=2, unitHealthPoints=1, goldRequired=1, metalRequired=1, foodRequired=1}}
17:13:17.185 [main] INFO  ru.sfedu.Kursovaya.utils.DataProviders.CSVDataProvider - HistoryContent{id=-3801973027292039767, className='ru.sfedu.Kursovaya.utils.DataProviders.CSVDataProvider', createdDate='2021-11-24T17:13:17.127+03:00', actor='SYSTEM', methodName='getMethodName', object={ru.sfedu.Kursovaya.Beans.Unit=Unit{id=1, unitType='MELEE', unitAttackPoints=2, unitHealthPoints=1, goldRequired=1, metalRequired=1, foodRequired=1}}, status='SUCCESS'}
17:18:02.286 [main] INFO  ru.sfedu.Kursovaya.utils.DataProviders.CSVDataProvider - {ru.sfedu.Kursovaya.Beans.Unit=Unit{id=1, unitType='MELEE', unitAttackPoints=2, unitHealthPoints=1, goldRequired=1, metalRequired=1, foodRequired=1}}
17:18:02.293 [main] INFO  ru.sfedu.Kursovaya.utils.DataProviders.CSVDataProvider - HistoryContent{id=1056453256995180146, className='ru.sfedu.Kursovaya.utils.DataProviders.CSVDataProvider', createdDate='2021-11-24T17:18:02.243+03:00', actor='SYSTEM', methodName='createUnit', object={ru.sfedu.Kursovaya.Beans.Unit=Unit{id=1, unitType='MELEE', unitAttackPoints=2, unitHealthPoints=1, goldRequired=1, metalRequired=1, foodRequired=1}}, status='SUCCESS'}
17:35:27.506 [main] INFO  ru.sfedu.Kursovaya.utils.DataProviders.CSVDataProvider - {ru.sfedu.Kursovaya.Beans.Unit=Unit{id=null, unitType='null', unitAttackPoints=0, unitHealthPoints=0, goldRequired=0, metalRequired=0, foodRequired=0}}
17:35:27.514 [main] INFO  ru.sfedu.Kursovaya.utils.DataProviders.AbstractDataProvider - HistoryContent{id=974122270144539538, className='ru.sfedu.Kursovaya.utils.DataProviders.AbstractDataProvider', createdDate='2021-11-24T17:35:27.459+03:00', actor='SYSTEM', methodName='getMethodName', object={ru.sfedu.Kursovaya.Beans.Unit=Unit{id=null, unitType='null', unitAttackPoints=0, unitHealthPoints=0, goldRequired=0, metalRequired=0, foodRequired=0}}, status='SUCCESS'}
17:37:21.040 [main] INFO  ru.sfedu.Kursovaya.utils.DataProviders.CSVDataProvider - {ru.sfedu.Kursovaya.Beans.Unit=Unit{id=1, unitType='MELEE', unitAttackPoints=2, unitHealthPoints=1, goldRequired=1, metalRequired=1, foodRequired=1}}
17:37:21.050 [main] INFO  ru.sfedu.Kursovaya.utils.DataProviders.AbstractDataProvider - HistoryContent{id=-7686472791620723927, className='ru.sfedu.Kursovaya.utils.DataProviders.AbstractDataProvider', createdDate='2021-11-24T17:37:20.995+03:00', actor='SYSTEM', methodName='getMethodName', object={ru.sfedu.Kursovaya.Beans.Unit=Unit{id=1, unitType='MELEE', unitAttackPoints=2, unitHealthPoints=1, goldRequired=1, metalRequired=1, foodRequired=1}}, status='SUCCESS'}
17:38:07.581 [main] INFO  ru.sfedu.Kursovaya.utils.DataProviders.CSVDataProvider - {ru.sfedu.Kursovaya.Beans.Unit=Unit{id=1, unitType='MELEE', unitAttackPoints=2, unitHealthPoints=1, goldRequired=1, metalRequired=1, foodRequired=1}}
17:38:07.590 [main] INFO  ru.sfedu.Kursovaya.utils.DataProviders.AbstractDataProvider - HistoryContent{id=4671425567953133646, className='ru.sfedu.Kursovaya.utils.DataProviders.CSVDataProvider', createdDate='2021-11-24T17:38:07.533+03:00', actor='SYSTEM', methodName='getMethodName', object={ru.sfedu.Kursovaya.Beans.Unit=Unit{id=1, unitType='MELEE', unitAttackPoints=2, unitHealthPoints=1, goldRequired=1, metalRequired=1, foodRequired=1}}, status='SUCCESS'}
17:39:22.736 [main] INFO  ru.sfedu.Kursovaya.utils.DataProviders.CSVDataProvider - {ru.sfedu.Kursovaya.Beans.Unit=Unit{id=1, unitType='MELEE', unitAttackPoints=2, unitHealthPoints=1, goldRequired=1, metalRequired=1, foodRequired=1}}
17:39:22.746 [main] INFO  ru.sfedu.Kursovaya.utils.DataProviders.AbstractDataProvider - HistoryContent{id=-4979209497149180704, className='ru.sfedu.Kursovaya.utils.DataProviders.CSVDataProvider', createdDate='2021-11-24T17:39:22.691+03:00', actor='SYSTEM', methodName='getMethodName', object={ru.sfedu.Kursovaya.Beans.Unit=Unit{id=1, unitType='MELEE', unitAttackPoints=2, unitHealthPoints=1, goldRequired=1, metalRequired=1, foodRequired=1}}, status='SUCCESS'}
17:40:33.883 [main] INFO  ru.sfedu.Kursovaya.utils.DataProviders.CSVDataProvider - {ru.sfedu.Kursovaya.Beans.Unit=Unit{id=1, unitType='MELEE', unitAttackPoints=2, unitHealthPoints=1, goldRequired=1, metalRequired=1, foodRequired=1}}
17:40:33.893 [main] INFO  ru.sfedu.Kursovaya.utils.DataProviders.AbstractDataProvider - HistoryContent{id=4821700671325385545, className='ru.sfedu.Kursovaya.utils.DataProviders.CSVDataProvider', createdDate='2021-11-24T17:40:33.839+03:00', actor='SYSTEM', methodName='createUnit', object={ru.sfedu.Kursovaya.Beans.Unit=Unit{id=1, unitType='MELEE', unitAttackPoints=2, unitHealthPoints=1, goldRequired=1, metalRequired=1, foodRequired=1}}, status='SUCCESS'}
18:20:08.759 [main] INFO  ru.sfedu.Kursovaya.utils.DataProviders.CSVDataProvider - {ru.sfedu.Kursovaya.Beans.Unit=Unit{id=1, unitType='MELEE', unitAttackPoints=2, unitHealthPoints=1, goldRequired=1, metalRequired=1, foodRequired=1}}
18:20:08.768 [main] INFO  ru.sfedu.Kursovaya.utils.DataProviders.AbstractDataProvider - HistoryContent{id=3274374208786379980, className='ru.sfedu.Kursovaya.utils.DataProviders.CSVDataProvider', createdDate='2021-11-24T18:20:08.714+03:00', actor='SYSTEM', methodName='getUnitById', object={ru.sfedu.Kursovaya.Beans.Unit=Unit{id=1, unitType='MELEE', unitAttackPoints=2, unitHealthPoints=1, goldRequired=1, metalRequired=1, foodRequired=1}}, status='SUCCESS'}
18:21:29.827 [main] INFO  ru.sfedu.Kursovaya.utils.DataProviders.CSVDataProvider - {ru.sfedu.Kursovaya.Beans.Unit=Unit{id=1, unitType='MELEE', unitAttackPoints=2, unitHealthPoints=1, goldRequired=1, metalRequired=1, foodRequired=1}}
18:21:29.838 [main] INFO  ru.sfedu.Kursovaya.utils.DataProviders.AbstractDataProvider - HistoryContent{id=8445139909079814788, className='ru.sfedu.Kursovaya.utils.DataProviders.CSVDataProvider', createdDate='2021-11-24T18:21:29.775+03:00', actor='SYSTEM', methodName='createUnit', object={ru.sfedu.Kursovaya.Beans.Unit=Unit{id=1, unitType='MELEE', unitAttackPoints=2, unitHealthPoints=1, goldRequired=1, metalRequired=1, foodRequired=1}}, status='SUCCESS'}
18:22:36.724 [main] INFO  ru.sfedu.Kursovaya.utils.DataProviders.CSVDataProvider - {ru.sfedu.Kursovaya.Beans.Unit=Unit{id=1, unitType='MELEE', unitAttackPoints=2, unitHealthPoints=1, goldRequired=1, metalRequired=1, foodRequired=1}}
18:22:36.734 [main] INFO  ru.sfedu.Kursovaya.utils.DataProviders.AbstractDataProvider - HistoryContent{id=671448148542682769, className='ru.sfedu.Kursovaya.utils.DataProviders.CSVDataProvider', createdDate='2021-11-24T18:22:36.677+03:00', actor='SYSTEM', methodName='createUnit', object={ru.sfedu.Kursovaya.Beans.Unit=Unit{id=1, unitType='MELEE', unitAttackPoints=2, unitHealthPoints=1, goldRequired=1, metalRequired=1, foodRequired=1}}, status='SUCCESS'}
18:25:01.635 [main] INFO  ru.sfedu.Kursovaya.utils.DataProviders.CSVDataProvider - {null=null}
18:25:01.648 [main] INFO  ru.sfedu.Kursovaya.utils.DataProviders.AbstractDataProvider - HistoryContent{id=7447415062147887519, className='ru.sfedu.Kursovaya.utils.DataProviders.CSVDataProvider', createdDate='2021-11-24T18:25:01.588+03:00', actor='SYSTEM', methodName='getUnitById', object={null=null}, status='FAULT'}
18:25:01.649 [main] INFO  ru.sfedu.Kursovaya.utils.DataProviders.CSVDataProvider - ERROR:Unit does not exist
18:29:00.130 [main] INFO  ru.sfedu.Kursovaya.utils.DataProviders.CSVDataProvider - {null=null}
18:29:00.138 [main] INFO  ru.sfedu.Kursovaya.utils.DataProviders.AbstractDataProvider - HistoryContent{id=-1786895566290667867, className='ru.sfedu.Kursovaya.utils.DataProviders.CSVDataProvider', createdDate='2021-11-24T18:29:00.091+03:00', actor='SYSTEM', methodName='getUnitById', object={null=null}, status='FAULT'}
18:29:00.139 [main] INFO  ru.sfedu.Kursovaya.utils.DataProviders.CSVDataProvider - ERROR:Unit does not exist
18:29:23.249 [main] INFO  ru.sfedu.Kursovaya.utils.DataProviders.CSVDataProvider - {null=null}
18:29:23.257 [main] INFO  ru.sfedu.Kursovaya.utils.DataProviders.AbstractDataProvider - HistoryContent{id=1978131984017788514, className='ru.sfedu.Kursovaya.utils.DataProviders.CSVDataProvider', createdDate='2021-11-24T18:29:23.209+03:00', actor='SYSTEM', methodName='getUnitById', object={null=null}, status='FAULT'}
18:29:23.258 [main] INFO  ru.sfedu.Kursovaya.utils.DataProviders.CSVDataProvider - ERROR:Unit does not exist
18:29:23.259 [main] INFO  ru.sfedu.Kursovaya.utils.DataProviders.CSVDataProvider - {null=null}
18:29:23.259 [main] INFO  ru.sfedu.Kursovaya.utils.DataProviders.AbstractDataProvider - HistoryContent{id=-3780625737797807080, className='ru.sfedu.Kursovaya.utils.DataProviders.CSVDataProvider', createdDate='2021-11-24T18:29:23.258+03:00', actor='SYSTEM', methodName='deleteUnitById', object={null=null}, status='FAULT'}
18:34:47.048 [main] INFO  ru.sfedu.Kursovaya.utils.DataProviders.CSVDataProvider - {ru.sfedu.Kursovaya.Beans.Unit=Unit{id=1, unitType='MELEE', unitAttackPoints=2, unitHealthPoints=1, goldRequired=1, metalRequired=1, foodRequired=1}}
18:34:47.057 [main] INFO  ru.sfedu.Kursovaya.utils.DataProviders.AbstractDataProvider - HistoryContent{id=-7126357371754262617, className='ru.sfedu.Kursovaya.utils.DataProviders.CSVDataProvider', createdDate='2021-11-24T18:34:46.999+03:00', actor='SYSTEM', methodName='createUnit', object={ru.sfedu.Kursovaya.Beans.Unit=Unit{id=1, unitType='MELEE', unitAttackPoints=2, unitHealthPoints=1, goldRequired=1, metalRequired=1, foodRequired=1}}, status='SUCCESS'}
18:34:57.606 [main] INFO  ru.sfedu.Kursovaya.utils.DataProviders.CSVDataProvider - {ru.sfedu.Kursovaya.Beans.Unit=Unit{id=1, unitType='MELEE', unitAttackPoints=2, unitHealthPoints=1, goldRequired=1, metalRequired=1, foodRequired=1}}
18:34:57.616 [main] INFO  ru.sfedu.Kursovaya.utils.DataProviders.AbstractDataProvider - HistoryContent{id=-8791184112969653299, className='ru.sfedu.Kursovaya.utils.DataProviders.CSVDataProvider', createdDate='2021-11-24T18:34:57.559+03:00', actor='SYSTEM', methodName='updateUnitById', object={ru.sfedu.Kursovaya.Beans.Unit=Unit{id=1, unitType='MELEE', unitAttackPoints=2, unitHealthPoints=1, goldRequired=1, metalRequired=1, foodRequired=1}}, status='SUCCESS'}
18:38:20.521 [main] INFO  ru.sfedu.Kursovaya.utils.DataProviders.CSVDataProvider - {ru.sfedu.Kursovaya.Beans.Unit=Unit{id=1, unitType='MELEE', unitAttackPoints=2, unitHealthPoints=1, goldRequired=1, metalRequired=1, foodRequired=1}}
18:38:20.533 [main] INFO  ru.sfedu.Kursovaya.utils.DataProviders.AbstractDataProvider - HistoryContent{id=1759661688987004602, className='ru.sfedu.Kursovaya.utils.DataProviders.CSVDataProvider', createdDate='2021-11-24T18:38:20.470+03:00', actor='SYSTEM', methodName='createUnit', object={ru.sfedu.Kursovaya.Beans.Unit=Unit{id=1, unitType='MELEE', unitAttackPoints=2, unitHealthPoints=1, goldRequired=1, metalRequired=1, foodRequired=1}}, status='SUCCESS'}
18:38:29.694 [main] INFO  ru.sfedu.Kursovaya.utils.DataProviders.CSVDataProvider - {ru.sfedu.Kursovaya.Beans.Unit=Unit{id=1, unitType='MELEE', unitAttackPoints=2, unitHealthPoints=1, goldRequired=1, metalRequired=1, foodRequired=1}}
18:38:29.704 [main] INFO  ru.sfedu.Kursovaya.utils.DataProviders.AbstractDataProvider - HistoryContent{id=1424251481000915046, className='ru.sfedu.Kursovaya.utils.DataProviders.CSVDataProvider', createdDate='2021-11-24T18:38:29.648+03:00', actor='SYSTEM', methodName='deleteUnitById', object={ru.sfedu.Kursovaya.Beans.Unit=Unit{id=1, unitType='MELEE', unitAttackPoints=2, unitHealthPoints=1, goldRequired=1, metalRequired=1, foodRequired=1}}, status='SUCCESS'}
18:45:01.315 [main] INFO  ru.sfedu.Kursovaya.utils.DataProviders.CSVDataProvider - {null=null}
18:45:01.323 [main] INFO  ru.sfedu.Kursovaya.utils.DataProviders.AbstractDataProvider - HistoryContent{id=-8382633163406155195, className='ru.sfedu.Kursovaya.utils.DataProviders.CSVDataProvider', createdDate='2021-11-24T18:45:01.274+03:00', actor='SYSTEM', methodName='updateUnitById', object={null=null}, status='FAULT'}
18:45:01.324 [main] INFO  ru.sfedu.Kursovaya.utils.DataProviders.CSVDataProvider - Unit does not exist
18:45:12.324 [main] INFO  ru.sfedu.Kursovaya.utils.DataProviders.CSVDataProvider - java.util.NoSuchElementException: No value present
18:45:12.369 [main] INFO  ru.sfedu.Kursovaya.utils.DataProviders.CSVDataProvider - {null=null}
18:45:12.376 [main] INFO  ru.sfedu.Kursovaya.utils.DataProviders.AbstractDataProvider - HistoryContent{id=6990514745758712720, className='ru.sfedu.Kursovaya.utils.DataProviders.CSVDataProvider', createdDate='2021-11-24T18:45:12.331+03:00', actor='SYSTEM', methodName='deleteUnitById', object={null=null}, status='FAULT'}
18:45:43.636 [main] INFO  ru.sfedu.Kursovaya.utils.DataProviders.CSVDataProvider - {ru.sfedu.Kursovaya.Beans.Unit=Unit{id=1, unitType='MELEE', unitAttackPoints=2, unitHealthPoints=1, goldRequired=1, metalRequired=1, foodRequired=1}}
18:45:43.649 [main] INFO  ru.sfedu.Kursovaya.utils.DataProviders.AbstractDataProvider - HistoryContent{id=527762945613378724, className='ru.sfedu.Kursovaya.utils.DataProviders.CSVDataProvider', createdDate='2021-11-24T18:45:43.586+03:00', actor='SYSTEM', methodName='createUnit', object={ru.sfedu.Kursovaya.Beans.Unit=Unit{id=1, unitType='MELEE', unitAttackPoints=2, unitHealthPoints=1, goldRequired=1, metalRequired=1, foodRequired=1}}, status='SUCCESS'}
18:45:56.018 [main] INFO  ru.sfedu.Kursovaya.utils.DataProviders.CSVDataProvider - {ru.sfedu.Kursovaya.Beans.Unit=Unit{id=1, unitType='MELEE', unitAttackPoints=2, unitHealthPoints=1, goldRequired=1, metalRequired=1, foodRequired=1}}
18:45:56.028 [main] INFO  ru.sfedu.Kursovaya.utils.DataProviders.AbstractDataProvider - HistoryContent{id=-493739169283091521, className='ru.sfedu.Kursovaya.utils.DataProviders.CSVDataProvider', createdDate='2021-11-24T18:45:55.972+03:00', actor='SYSTEM', methodName='updateUnitById', object={ru.sfedu.Kursovaya.Beans.Unit=Unit{id=1, unitType='MELEE', unitAttackPoints=2, unitHealthPoints=1, goldRequired=1, metalRequired=1, foodRequired=1}}, status='SUCCESS'}
18:48:02.085 [main] INFO  ru.sfedu.Kursovaya.utils.DataProviders.CSVDataProvider - {ru.sfedu.Kursovaya.Beans.Unit=Unit{id=1, unitType='MELEE', unitAttackPoints=2, unitHealthPoints=1, goldRequired=1, metalRequired=1, foodRequired=1}}
18:52:14.951 [main] INFO  ru.sfedu.Kursovaya.utils.DataProviders.CSVDataProvider - {ru.sfedu.Kursovaya.Beans.Unit=Unit{id=1, unitType='MELEE', unitAttackPoints=2, unitHealthPoints=1, goldRequired=1, metalRequired=1, foodRequired=1}}
18:53:57.834 [main] INFO  ru.sfedu.Kursovaya.utils.DataProviders.CSVDataProvider - java.util.NoSuchElementException: No value present
18:53:57.878 [main] INFO  ru.sfedu.Kursovaya.utils.DataProviders.CSVDataProvider - {null=null}
18:54:46.441 [main] INFO  ru.sfedu.Kursovaya.utils.DataProviders.CSVDataProvider - {ru.sfedu.Kursovaya.Beans.Unit=Unit{id=1, unitType='MELEE', unitAttackPoints=2, unitHealthPoints=1, goldRequired=1, metalRequired=1, foodRequired=1}}
18:57:32.973 [main] INFO  ru.sfedu.Kursovaya.utils.DataProviders.CSVDataProvider - {ru.sfedu.Kursovaya.Beans.Unit=Unit{id=1, unitType='MELEE', unitAttackPoints=2, unitHealthPoints=1, goldRequired=1, metalRequired=1, foodRequired=1}}
18:58:05.049 [main] INFO  ru.sfedu.Kursovaya.utils.DataProviders.CSVDataProvider - {ru.sfedu.Kursovaya.Beans.Unit=Unit{id=1, unitType='MELEE', unitAttackPoints=2, unitHealthPoints=1, goldRequired=1, metalRequired=1, foodRequired=1}}
19:00:32.905 [main] INFO  ru.sfedu.Kursovaya.utils.DataProviders.CSVDataProvider - {ru.sfedu.Kursovaya.Beans.Unit=Unit{id=1, unitType='MELEE', unitAttackPoints=2, unitHealthPoints=1, goldRequired=1, metalRequired=1, foodRequired=1}}
19:00:32.924 [main] INFO  ru.sfedu.Kursovaya.utils.DataProviders.CSVDataProvider - {ru.sfedu.Kursovaya.Beans.Unit=Unit{id=1, unitType='MELEE', unitAttackPoints=2, unitHealthPoints=1, goldRequired=1, metalRequired=1, foodRequired=1}}
19:01:50.179 [main] INFO  ru.sfedu.Kursovaya.utils.DataProviders.CSVDataProvider - {ru.sfedu.Kursovaya.Beans.Unit=Unit{id=1, unitType='MELEE', unitAttackPoints=2, unitHealthPoints=1, goldRequired=1, metalRequired=1, foodRequired=1}}
19:01:50.193 [main] INFO  ru.sfedu.Kursovaya.utils.DataProviders.CSVDataProvider - {ru.sfedu.Kursovaya.Beans.Unit=Unit{id=1, unitType='MELEE', unitAttackPoints=2, unitHealthPoints=1, goldRequired=1, metalRequired=1, foodRequired=1}}
19:41:41.642 [main] INFO  ru.sfedu.Kursovaya.utils.DataProviders.CSVDataProvider - {ru.sfedu.Kursovaya.Beans.Unit=Unit{id=1, unitType='MELEE, unitAttackPoints=2, unitHealthPoints=1, goldRequired=1, metalRequired=1, foodRequired=1}}
19:41:41.657 [main] INFO  ru.sfedu.Kursovaya.utils.DataProviders.CSVDataProvider - {ru.sfedu.Kursovaya.Beans.Unit=Unit{id=1, unitType='MELEE, unitAttackPoints=2, unitHealthPoints=1, goldRequired=1, metalRequired=1, foodRequired=1}}
19:42:59.865 [main] INFO  ru.sfedu.Kursovaya.utils.DataProviders.CSVDataProvider - {ru.sfedu.Kursovaya.Beans.Unit=Unit{id=1, unitType='MELEE, unitAttackPoints=2, unitHealthPoints=1, goldRequired=1, metalRequired=1, foodRequired=1}}
19:42:59.877 [main] INFO  ru.sfedu.Kursovaya.utils.DataProviders.CSVDataProvider - {ru.sfedu.Kursovaya.Beans.Unit=Unit{id=1, unitType='MELEE, unitAttackPoints=2, unitHealthPoints=1, goldRequired=1, metalRequired=1, foodRequired=1}}
19:46:18.633 [main] INFO  ru.sfedu.Kursovaya.utils.DataProviders.CSVDataProvider - {ru.sfedu.Kursovaya.Beans.Unit={unitType=MELEE, unitAttackPoints=2, unitHealthPoints=1, goldRequired=1, metalRequired=1, foodRequired=1, unitId=1}}
19:46:18.644 [main] INFO  ru.sfedu.Kursovaya.utils.DataProviders.CSVDataProvider - {ru.sfedu.Kursovaya.Beans.Unit={unitType=MELEE, unitAttackPoints=2, unitHealthPoints=1, goldRequired=1, metalRequired=1, foodRequired=1, unitId=1}}
20:27:16.591 [main] INFO  ru.sfedu.Kursovaya.utils.DataProviders.CSVDataProvider - {Unit={unitType=MELEE, unitAttackPoints=2, unitHealthPoints=1, goldRequired=1, metalRequired=1, foodRequired=1, unitId=1}}
20:27:16.603 [main] INFO  ru.sfedu.Kursovaya.utils.DataProviders.CSVDataProvider - {Unit={unitType=MELEE, unitAttackPoints=2, unitHealthPoints=1, goldRequired=1, metalRequired=1, foodRequired=1, unitId=1}}
20:35:15.918 [main] INFO  ru.sfedu.Kursovaya.utils.DataProviders.CSVDataProvider - {Unit={unitType=MARKSMAN, unitAttackPoints=2, unitHealthPoints=1, goldRequired=1, metalRequired=1, foodRequired=1, unitId=1}}
20:35:15.932 [main] INFO  ru.sfedu.Kursovaya.utils.DataProviders.CSVDataProvider - {Unit={unitType=MARKSMAN, unitAttackPoints=2, unitHealthPoints=1, goldRequired=1, metalRequired=1, foodRequired=1, unitId=1}}
